Determining if the pthread_create exist failed with the following output:
Change Dir: /home/workspace/RoboticsND-Go-Chase-It/catkin_ws/build/CMakeFiles/CMakeTmp

Run Build Command:"/usr/bin/make" "cmTC_1ed60/fast"
/usr/bin/make -f CMakeFiles/cmTC_1ed60.dir/build.make CMakeFiles/cmTC_1ed60.dir/build
make[1]: Entering directory '/home/workspace/RoboticsND-Go-Chase-It/catkin_ws/build/CMakeFiles/CMakeTmp'
Building C object CMakeFiles/cmTC_1ed60.dir/CheckSymbolExists.c.o
/usr/bin/cc     -o CMakeFiles/cmTC_1ed60.dir/CheckSymbolExists.c.o   -c /home/workspace/RoboticsND-Go-Chase-It/catkin_ws/build/CMakeFiles/CMakeTmp/CheckSymbolExists.c
Linking C executable cmTC_1ed60
/usr/bin/cmake -E cmake_link_script CMakeFiles/cmTC_1ed60.dir/link.txt --verbose=1
/usr/bin/cc       CMakeFiles/cmTC_1ed60.dir/CheckSymbolExists.c.o  -o cmTC_1ed60 -rdynamic 
CMakeFiles/cmTC_1ed60.dir/CheckSymbolExists.c.o: In function `main':
CheckSymbolExists.c:(.text+0x16): undefined reference to `pthread_create'
collect2: error: ld returned 1 exit status
CMakeFiles/cmTC_1ed60.dir/build.make:97: recipe for target 'cmTC_1ed60' failed
make[1]: *** [cmTC_1ed60] Error 1
make[1]: Leaving directory '/home/workspace/RoboticsND-Go-Chase-It/catkin_ws/build/CMakeFiles/CMakeTmp'
Makefile:126: recipe for target 'cmTC_1ed60/fast' failed
make: *** [cmTC_1ed60/fast] Error 2

File /home/workspace/RoboticsND-Go-Chase-It/catkin_ws/build/CMakeFiles/CMakeTmp/CheckSymbolExists.c:
/* */
#include <pthread.h>

int main(int argc, char** argv)
{
  (void)argv;
#ifndef pthread_create
  return ((int*)(&pthread_create))[argc];
#else
  (void)argc;
  return 0;
#endif
}

Determining if the function pthread_create exists in the pthreads failed with the following output:
Change Dir: /home/workspace/RoboticsND-Go-Chase-It/catkin_ws/build/CMakeFiles/CMakeTmp

Run Build Command:"/usr/bin/make" "cmTC_c21be/fast"
/usr/bin/make -f CMakeFiles/cmTC_c21be.dir/build.make CMakeFiles/cmTC_c21be.dir/build
make[1]: Entering directory '/home/workspace/RoboticsND-Go-Chase-It/catkin_ws/build/CMakeFiles/CMakeTmp'
Building C object CMakeFiles/cmTC_c21be.dir/CheckFunctionExists.c.o
/usr/bin/cc    -DCHECK_FUNCTION_EXISTS=pthread_create   -o CMakeFiles/cmTC_c21be.dir/CheckFunctionExists.c.o   -c /usr/share/cmake-3.5/Modules/CheckFunctionExists.c
Linking C executable cmTC_c21be
/usr/bin/cmake -E cmake_link_script CMakeFiles/cmTC_c21be.dir/link.txt --verbose=1
/usr/bin/cc   -DCHECK_FUNCTION_EXISTS=pthread_create    CMakeFiles/cmTC_c21be.dir/CheckFunctionExists.c.o  -o cmTC_c21be -rdynamic -lpthreads 
/usr/bin/ld: cannot find -lpthreads
collect2: error: ld returned 1 exit status
CMakeFiles/cmTC_c21be.dir/build.make:97: recipe for target 'cmTC_c21be' failed
make[1]: *** [cmTC_c21be] Error 1
make[1]: Leaving directory '/home/workspace/RoboticsND-Go-Chase-It/catkin_ws/build/CMakeFiles/CMakeTmp'
Makefile:126: recipe for target 'cmTC_c21be/fast' failed
make: *** [cmTC_c21be/fast] Error 2


